[DEPRECATED] The --hatch-rate parameter has been renamed --spawn-rate
 Name                                                          # reqs      # fails  |     Avg     Min     Max  Median  |   req/s failures/s
--------------------------------------------------------------------------------------------------------------------------------------------
 GET /api/v1/carts                                                281 281(100.00%)  |    6266      19   46530     440  |    4.68    4.68
 POST /api/v1/carts/items                                         298 298(100.00%)  |    5989      20   46366     520  |    4.97    4.97
 POST /api/v1/sessions                                            286     0(0.00%)  |    7812      11   42792    6100  |    4.77    0.00
--------------------------------------------------------------------------------------------------------------------------------------------
 Aggregated                                                       865  579(66.94%)  |    6682      11   46530     610  |   14.41    9.65

Response time percentiles (approximated)
 Type     Name                                                              50%    66%    75%    80%    90%    95%    98%    99%  99.9% 99.99%   100% # reqs
--------|------------------------------------------------------------|---------|------|------|------|------|------|------|------|------|------|------|------|
 GET      /api/v1/carts                                                     440    660   3300   5800  43000  46000  46000  46000  47000  47000  47000    281
 POST     /api/v1/carts/items                                               520    680   3100   5900  24000  43000  46000  46000  46000  46000  46000    298
 POST     /api/v1/sessions                                                 6400  11000  14000  15000  19000  21000  21000  22000  43000  43000  43000    286
--------|------------------------------------------------------------|---------|------|------|------|------|------|------|------|------|------|------|------|
 None     Aggregated                                                        610   3600   6700  11000  21000  43000  46000  46000  47000  47000  47000    865

Error report
 # occurrences      Error                                                                                               
--------------------------------------------------------------------------------------------------------------------------------------------
 298                POST /api/v1/carts/items: "HTTPError('500 Server Error: INTERNAL SERVER ERROR for url: http://127.0.0.1:60002/api/v1/carts/items')"
 281                GET /api/v1/carts: "HTTPError('500 Server Error: INTERNAL SERVER ERROR for url: http://127.0.0.1:60002/api/v1/carts')"
--------------------------------------------------------------------------------------------------------------------------------------------

