[DEPRECATED] The --hatch-rate parameter has been renamed --spawn-rate
 Name                                                          # reqs      # fails  |     Avg     Min     Max  Median  |   req/s failures/s
--------------------------------------------------------------------------------------------------------------------------------------------
 GET /api/v1/permissions                                         1153     0(0.00%)  |     575      10    8347     520  |   19.21    0.00
 POST /api/v1/permissions                                        1281     0(0.00%)  |     507       6    4098     470  |   21.34    0.00
 GET /api/v1/roles                                               1279     0(0.00%)  |     515       9    4141     500  |   21.31    0.00
 POST /api/v1/roles                                              1253     5(0.40%)  |     523       6    8121     500  |   20.88    0.08
 GET /api/v1/roles/1                                             1215     0(0.00%)  |     523       4    3981     520  |   20.24    0.00
 GET /api/v1/users                                               1262     0(0.00%)  |     580      19    4347     540  |   21.03    0.00
--------------------------------------------------------------------------------------------------------------------------------------------
 Aggregated                                                      7443     5(0.07%)  |     536       4    8347     510  |  124.01    0.08

Response time percentiles (approximated)
 Type     Name                                                              50%    66%    75%    80%    90%    95%    98%    99%  99.9% 99.99%   100% # reqs
--------|------------------------------------------------------------|---------|------|------|------|------|------|------|------|------|------|------|------|
 GET      /api/v1/permissions                                               520    760    850    900    990   1100   2000   2100   8300   8300   8300   1153
 POST     /api/v1/permissions                                               470    670    790    850    950   1000   1900   2000   3900   4100   4100   1281
 GET      /api/v1/roles                                                     500    710    820    870    970   1000   1100   2000   3900   4100   4100   1279
 POST     /api/v1/roles                                                     500    690    820    870    960   1000   1900   2100   3900   8100   8100   1253
 GET      /api/v1/roles/1                                                   520    710    820    870    950   1000   1900   2000   2100   4000   4000   1215
 GET      /api/v1/users                                                     540    730    870    910   1000   1100   2000   2100   4200   4300   4300   1262
--------|------------------------------------------------------------|---------|------|------|------|------|------|------|------|------|------|------|------|
 None     Aggregated                                                        510    710    830    880    970   1000   1900   2000   4100   8300   8300   7443

Error report
 # occurrences      Error                                                                                               
--------------------------------------------------------------------------------------------------------------------------------------------
 5                  POST /api/v1/roles: "HTTPError('500 Server Error: INTERNAL SERVER ERROR for url: http://127.0.0.1:60010/api/v1/roles')"
--------------------------------------------------------------------------------------------------------------------------------------------

