[DEPRECATED] The --hatch-rate parameter has been renamed --spawn-rate
 Name                                                          # reqs      # fails  |     Avg     Min     Max  Median  |   req/s failures/s
--------------------------------------------------------------------------------------------------------------------------------------------
 GET /api/v1/permissions                                           36  36(100.00%)  |   30034   30004   30891   30004  |    0.52    0.52
 POST /api/v1/permissions                                          35  35(100.00%)  |   30034   30005   30407   30005  |    0.50    0.50
 GET /api/v1/roles                                                 31  31(100.00%)  |   30009   30004   30018   30004  |    0.44    0.44
 POST /api/v1/roles                                                34  34(100.00%)  |   30065   30004   31007   30004  |    0.49    0.49
 GET /api/v1/roles/1                                               31  31(100.00%)  |   30035   30003   30665   30003  |    0.44    0.44
 GET /api/v1/users                                                 37  37(100.00%)  |   30038   30005   30953   30005  |    0.53    0.53
--------------------------------------------------------------------------------------------------------------------------------------------
 Aggregated                                                       204 204(100.00%)  |   30036   30003   31007   30003  |    2.92    2.92

Response time percentiles (approximated)
 Type     Name                                                              50%    66%    75%    80%    90%    95%    98%    99%  99.9% 99.99%   100% # reqs
--------|------------------------------------------------------------|---------|------|------|------|------|------|------|------|------|------|------|------|
 GET      /api/v1/permissions                                             30000  30000  30000  30000  30000  30000  31000  31000  31000  31000  31000     36
 POST     /api/v1/permissions                                             30000  30000  30000  30000  30000  30000  30000  30000  30000  30000  30000     35
 GET      /api/v1/roles                                                   30000  30000  30000  30000  30000  30000  30000  30000  30000  30000  30000     31
 POST     /api/v1/roles                                                   30000  30000  30000  30000  30000  31000  31000  31000  31000  31000  31000     34
 GET      /api/v1/roles/1                                                 30000  30000  30000  30000  30000  30000  31000  31000  31000  31000  31000     31
 GET      /api/v1/users                                                   30000  30000  30000  30000  30000  30000  31000  31000  31000  31000  31000     37
--------|------------------------------------------------------------|---------|------|------|------|------|------|------|------|------|------|------|------|
 None     Aggregated                                                      30000  30000  30000  30000  30000  30000  31000  31000  31000  31000  31000    204

Error report
 # occurrences      Error                                                                                               
--------------------------------------------------------------------------------------------------------------------------------------------
 35                 POST /api/v1/permissions: "HTTPError('500 Server Error: INTERNAL SERVER ERROR for url: http://127.0.0.1:60010/api/v1/permissions')"
 31                 GET /api/v1/roles: "HTTPError('500 Server Error: INTERNAL SERVER ERROR for url: http://127.0.0.1:60010/api/v1/roles')"
 36                 GET /api/v1/permissions: "HTTPError('500 Server Error: INTERNAL SERVER ERROR for url: http://127.0.0.1:60010/api/v1/permissions')"
 37                 GET /api/v1/users: "HTTPError('500 Server Error: INTERNAL SERVER ERROR for url: http://127.0.0.1:60010/api/v1/users')"
 34                 POST /api/v1/roles: "HTTPError('500 Server Error: INTERNAL SERVER ERROR for url: http://127.0.0.1:60010/api/v1/roles')"
 31                 GET /api/v1/roles/1: "HTTPError('500 Server Error: INTERNAL SERVER ERROR for url: http://127.0.0.1:60010/api/v1/roles/1')"
--------------------------------------------------------------------------------------------------------------------------------------------

