[DEPRECATED] The --hatch-rate parameter has been renamed --spawn-rate
 Name                                                          # reqs      # fails  |     Avg     Min     Max  Median  |   req/s failures/s
--------------------------------------------------------------------------------------------------------------------------------------------
 GET /api/v1/permissions                                          467     0(0.00%)  |    1869       9   12583    1100  |    7.79    0.00
 POST /api/v1/permissions                                         418     0(0.00%)  |    2067       5   12723    1200  |    6.97    0.00
 GET /api/v1/roles                                                478     0(0.00%)  |    1920       7   13225    1100  |    7.97    0.00
 POST /api/v1/roles                                               501 501(100.00%)  |      88      11     968      42  |    8.36    8.36
 GET /api/v1/roles/1                                              487     0(0.00%)  |    1847       5   14103    1100  |    8.12    0.00
 GET /api/v1/users                                                483     0(0.00%)  |    2011      19   12409    1300  |    8.06    0.00
 POST /api/v1/users                                               519 519(100.00%)  |    1863      18   11177    1200  |    8.66    8.66
--------------------------------------------------------------------------------------------------------------------------------------------
 Aggregated                                                      3353 1020(30.42%)  |    1651       5   14103     650  |   55.93   17.02

Response time percentiles (approximated)
 Type     Name                                                              50%    66%    75%    80%    90%    95%    98%    99%  99.9% 99.99%   100% # reqs
--------|------------------------------------------------------------|---------|------|------|------|------|------|------|------|------|------|------|------|
 GET      /api/v1/permissions                                              1100   2700   3500   3900   4800   5400   6600   8100  13000  13000  13000    467
 POST     /api/v1/permissions                                              1200   2800   3700   4100   4700   6700   8500   9200  13000  13000  13000    418
 GET      /api/v1/roles                                                    1100   2300   3300   4000   4700   5900   8100   9600  13000  13000  13000    478
 POST     /api/v1/roles                                                      42     54     66     79    200    400    600    780    970    970    970    501
 GET      /api/v1/roles/1                                                  1100   2100   3200   3500   4400   5800   8200   9500  14000  14000  14000    487
 GET      /api/v1/users                                                    1300   2400   3300   4000   4800   6200   8200  11000  12000  12000  12000    483
 POST     /api/v1/users                                                    1200   2400   3200   3600   4500   5400   6800   7800  11000  11000  11000    519
--------|------------------------------------------------------------|---------|------|------|------|------|------|------|------|------|------|------|------|
 None     Aggregated                                                        650   2000   2900   3500   4400   5400   7700   9200  13000  14000  14000   3353

Error report
 # occurrences      Error                                                                                               
--------------------------------------------------------------------------------------------------------------------------------------------
 501                POST /api/v1/roles: "HTTPError('500 Server Error: INTERNAL SERVER ERROR for url: http://127.0.0.1:60010/api/v1/roles')"
 519                POST /api/v1/users: "HTTPError('500 Server Error: INTERNAL SERVER ERROR for url: http://127.0.0.1:60010/api/v1/users')"
--------------------------------------------------------------------------------------------------------------------------------------------

