[DEPRECATED] The --hatch-rate parameter has been renamed --spawn-rate
 Name                                                          # reqs      # fails  |     Avg     Min     Max  Median  |   req/s failures/s
--------------------------------------------------------------------------------------------------------------------------------------------
 GET /api/v1/permissions                                          959     0(0.00%)  |      86       9     375      55  |   15.98    0.00
 POST /api/v1/permissions                                         882     0(0.00%)  |      78       6     381      41  |   14.70    0.00
 GET /api/v1/roles                                                874     0(0.00%)  |      87       8     347      60  |   14.56    0.00
 POST /api/v1/roles                                               913     2(0.22%)  |      81       6     380      51  |   15.21    0.03
 GET /api/v1/roles/1                                              909     0(0.00%)  |      82       4     370      53  |   15.15    0.00
 GET /api/v1/users                                                961     0(0.00%)  |     127      18     424     110  |   16.01    0.00
--------------------------------------------------------------------------------------------------------------------------------------------
 Aggregated                                                      5498     2(0.04%)  |      90       4     424      62  |   91.62    0.03

Response time percentiles (approximated)
 Type     Name                                                              50%    66%    75%    80%    90%    95%    98%    99%  99.9% 99.99%   100% # reqs
--------|------------------------------------------------------------|---------|------|------|------|------|------|------|------|------|------|------|------|
 GET      /api/v1/permissions                                                55    110    140    160    210    240    280    310    380    380    380    959
 POST     /api/v1/permissions                                                42     91    130    150    200    230    270    310    380    380    380    882
 GET      /api/v1/roles                                                      61    110    140    160    210    240    280    310    350    350    350    874
 POST     /api/v1/roles                                                      51     99    130    160    200    240    260    310    380    380    380    913
 GET      /api/v1/roles/1                                                    53    100    140    160    210    230    270    310    370    370    370    909
 GET      /api/v1/users                                                     110    160    190    220    270    300    350    380    420    420    420    961
--------|------------------------------------------------------------|---------|------|------|------|------|------|------|------|------|------|------|------|
 None     Aggregated                                                         63    110    150    170    220    250    290    320    400    420    420   5498

Error report
 # occurrences      Error                                                                                               
--------------------------------------------------------------------------------------------------------------------------------------------
 2                  POST /api/v1/roles: "HTTPError('500 Server Error: INTERNAL SERVER ERROR for url: http://127.0.0.1:60010/api/v1/roles')"
--------------------------------------------------------------------------------------------------------------------------------------------

