[DEPRECATED] The --hatch-rate parameter has been renamed --spawn-rate
 Name                                                          # reqs      # fails  |     Avg     Min     Max  Median  |   req/s failures/s
--------------------------------------------------------------------------------------------------------------------------------------------
 GET /api/v1/permissions                                         1257     0(0.00%)  |     521       8    4338     490  |   20.86    0.00
 POST /api/v1/permissions                                        1278     0(0.00%)  |     510       6    4088     480  |   21.20    0.00
 GET /api/v1/roles                                               1251     0(0.00%)  |     522       8    3964     510  |   20.76    0.00
 POST /api/v1/roles                                              1254     2(0.16%)  |     532       6    3833     520  |   20.81    0.03
 GET /api/v1/roles/1                                             1237     0(0.00%)  |     531       4    4055     530  |   20.52    0.00
 GET /api/v1/users                                               1224     0(0.00%)  |     561      19    4010     530  |   20.31    0.00
--------------------------------------------------------------------------------------------------------------------------------------------
 Aggregated                                                      7501     2(0.03%)  |     529       4    4338     510  |  124.46    0.03

Response time percentiles (approximated)
 Type     Name                                                              50%    66%    75%    80%    90%    95%    98%    99%  99.9% 99.99%   100% # reqs
--------|------------------------------------------------------------|---------|------|------|------|------|------|------|------|------|------|------|------|
 GET      /api/v1/permissions                                               490    730    820    860    940    990   1900   2000   4000   4300   4300   1257
 POST     /api/v1/permissions                                               480    700    800    840    930    990   1900   2000   4000   4100   4100   1278
 GET      /api/v1/roles                                                     510    720    820    850    940    980   1900   2000   3900   4000   4000   1251
 POST     /api/v1/roles                                                     520    750    830    870    940    990   1900   2000   2300   3800   3800   1254
 GET      /api/v1/roles/1                                                   530    720    810    850    930    980   1900   2000   4000   4100   4100   1237
 GET      /api/v1/users                                                     540    760    860    900    980   1000   1900   2100   4000   4000   4000   1224
--------|------------------------------------------------------------|---------|------|------|------|------|------|------|------|------|------|------|------|
 None     Aggregated                                                        510    730    820    860    940   1000   1900   2000   4000   4300   4300   7501

Error report
 # occurrences      Error                                                                                               
--------------------------------------------------------------------------------------------------------------------------------------------
 2                  POST /api/v1/roles: "HTTPError('500 Server Error: INTERNAL SERVER ERROR for url: http://127.0.0.1:60010/api/v1/roles')"
--------------------------------------------------------------------------------------------------------------------------------------------

